<?xml version="1.0" encoding="UTF-8"?>
<testng-results skipped="0" failed="0" ignored="0" total="1" passed="1">
  <reporter-output>
  </reporter-output>
  <suite name="Suite" duration-ms="67751" started-at="2019-12-20T03:24:05Z" finished-at="2019-12-20T03:25:13Z">
    <groups>
    </groups>
    <test name="Test" duration-ms="67751" started-at="2019-12-20T03:24:05Z" finished-at="2019-12-20T03:25:13Z">
      <class name="test_script.Flipkart_TShirt">
        <test-method status="PASS" signature="openAppln()[pri:0, instance:test_script.Flipkart_TShirt@1786dec2]" name="openAppln" is-config="true" duration-ms="32011" started-at="2019-12-20T03:24:05Z" finished-at="2019-12-20T03:24:37Z">
          <reporter-output>
          </reporter-output>
        </test-method> <!-- openAppln -->
        <test-method status="PASS" signature="Flipkart_TShirtt()[pri:0, instance:test_script.Flipkart_TShirt@1786dec2]" name="Flipkart_TShirtt" duration-ms="27372" started-at="2019-12-20T03:24:37Z" finished-at="2019-12-20T03:25:05Z">
          <reporter-output>
          </reporter-output>
        </test-method> <!-- Flipkart_TShirtt -->
        <test-method status="PASS" signature="closeAppln(org.testng.ITestResult)[pri:0, instance:test_script.Flipkart_TShirt@1786dec2]" name="closeAppln" is-config="true" duration-ms="8336" started-at="2019-12-20T03:25:05Z" finished-at="2019-12-20T03:25:13Z">
          <params>
            <param index="0">
              <value>
                <![CDATA[[TestResult name=Flipkart_TShirtt status=SUCCESS method=Flipkart_TShirt.Flipkart_TShirtt()[pri:0, instance:test_script.Flipkart_TShirt@1786dec2] output={null}]]]>
              </value>
            </param>
          </params>
          <reporter-output>
          </reporter-output>
        </test-method> <!-- closeAppln -->
      </class> <!-- test_script.Flipkart_TShirt -->
    </test> <!-- Test -->
  </suite> <!-- Suite -->
</testng-results>
